{"/root/creaitor/src/app/api/health/route.ts": {"path":"/root/creaitor/src/app/api/health/route.ts","statementMap":{"0":{"start":{"line":3,"column":22},"end":{"line":3,"column":null}},"1":{"start":{"line":1,"column":29},"end":{"line":1,"column":null}},"2":{"start":{"line":4,"column":2},"end":{"line":9,"column":null}}},"fnMap":{"0":{"name":"GET","decl":{"start":{"line":3,"column":22},"end":{"line":3,"column":null}},"loc":{"start":{"line":3,"column":22},"end":{"line":10,"column":null}}}},"branchMap":{"0":{"loc":{"start":{"line":7,"column":13},"end":{"line":7,"column":null}},"type":"binary-expr","locations":[{"start":{"line":7,"column":13},"end":{"line":7,"column":44}},{"start":{"line":7,"column":48},"end":{"line":7,"column":null}}]}},"s":{"0":2,"1":1,"2":2},"f":{"0":2},"b":{"0":[2,1]}}
}
